2022-05-10 14:29:48.651  INFO 12712 --- [main] c.q.d.DemoEurekaAutoServerApplication    : Starting DemoEurekaAutoServerApplication using Java 1.8.0_60 on LAPTOP-CAQ8D60L with PID 12712 (E:\IdeaProjects\demo-eureka-server1\demo-eureka-auto_server\target\classes started by 哈斯塔 in E:\IdeaProjects\demo-eureka-server1)
2022-05-10 14:29:48.656  INFO 12712 --- [main] c.q.d.DemoEurekaAutoServerApplication    : The following 3 profiles are active: "jdbc", "redis", "mail"
2022-05-10 14:29:49.517  INFO 12712 --- [main] o.s.cloud.context.scope.GenericScope     : BeanFactory id=a74b3888-15bb-3ab0-86a4-4dc294baff07
2022-05-10 14:29:49.736  INFO 12712 --- [main] o.s.b.w.embedded.tomcat.TomcatWebServer  : Tomcat initialized with port(s): 8081 (http)
2022-05-10 14:29:49.742  INFO 12712 --- [main] o.apache.catalina.core.StandardService   : Starting service [Tomcat]
2022-05-10 14:29:49.742  INFO 12712 --- [main] org.apache.catalina.core.StandardEngine  : Starting Servlet engine: [Apache Tomcat/9.0.60]
2022-05-10 14:29:49.854  INFO 12712 --- [main] o.a.c.c.C.[Tomcat].[localhost].[/]       : Initializing Spring embedded WebApplicationContext
2022-05-10 14:29:49.854  INFO 12712 --- [main] w.s.c.ServletWebServerApplicationContext : Root WebApplicationContext: initialization completed in 1165 ms
2022-05-10 14:29:50.114  INFO 12712 --- [main] c.a.d.s.b.a.DruidDataSourceAutoConfigure : Init DruidDataSource
2022-05-10 14:29:50.191  INFO 12712 --- [main] com.alibaba.druid.pool.DruidDataSource   : {dataSource-1} inited
2022-05-10 14:29:50.533  WARN 12712 --- [main] o.s.s.c.a.web.builders.WebSecurity       : You are asking Spring Security to ignore Ant [pattern='/css/**']. This is not recommended -- please use permitAll via HttpSecurity#authorizeHttpRequests instead.
2022-05-10 14:29:50.534  INFO 12712 --- [main] o.s.s.web.DefaultSecurityFilterChain     : Will secure Ant [pattern='/css/**'] with []
2022-05-10 14:29:50.534  WARN 12712 --- [main] o.s.s.c.a.web.builders.WebSecurity       : You are asking Spring Security to ignore Ant [pattern='/js/**']. This is not recommended -- please use permitAll via HttpSecurity#authorizeHttpRequests instead.
2022-05-10 14:29:50.534  INFO 12712 --- [main] o.s.s.web.DefaultSecurityFilterChain     : Will secure Ant [pattern='/js/**'] with []
2022-05-10 14:29:50.534  WARN 12712 --- [main] o.s.s.c.a.web.builders.WebSecurity       : You are asking Spring Security to ignore Ant [pattern='/fonts/**']. This is not recommended -- please use permitAll via HttpSecurity#authorizeHttpRequests instead.
2022-05-10 14:29:50.534  INFO 12712 --- [main] o.s.s.web.DefaultSecurityFilterChain     : Will secure Ant [pattern='/fonts/**'] with []
2022-05-10 14:29:50.534  WARN 12712 --- [main] o.s.s.c.a.web.builders.WebSecurity       : You are asking Spring Security to ignore Ant [pattern='/icon/**']. This is not recommended -- please use permitAll via HttpSecurity#authorizeHttpRequests instead.
2022-05-10 14:29:50.535  INFO 12712 --- [main] o.s.s.web.DefaultSecurityFilterChain     : Will secure Ant [pattern='/icon/**'] with []
2022-05-10 14:29:50.535  WARN 12712 --- [main] o.s.s.c.a.web.builders.WebSecurity       : You are asking Spring Security to ignore Ant [pattern='/favicon/**']. This is not recommended -- please use permitAll via HttpSecurity#authorizeHttpRequests instead.
2022-05-10 14:29:50.535  INFO 12712 --- [main] o.s.s.web.DefaultSecurityFilterChain     : Will secure Ant [pattern='/favicon/**'] with []
2022-05-10 14:29:50.560  INFO 12712 --- [main] o.s.s.web.DefaultSecurityFilterChain     : Will not secure Or [Ant [pattern='/oauth/token'], Ant [pattern='/oauth/token_key'], Ant [pattern='/oauth/check_token']]
2022-05-10 14:29:50.563  INFO 12712 --- [main] o.s.s.web.DefaultSecurityFilterChain     : Will not secure Or [Ant [pattern='/login'], Ant [pattern='/login-error'], Ant [pattern='/oauth/authorize'], Ant [pattern='/oauth/toekn'], Ant [pattern='/api/userinfo']]
2022-05-10 14:29:52.007  INFO 12712 --- [main] DiscoveryClientOptionalArgsConfiguration : Eureka HTTP Client uses Jersey
2022-05-10 14:29:52.044  WARN 12712 --- [main] iguration$LoadBalancerCaffeineWarnLogger : Spring Cloud LoadBalancer is currently working with the default cache. While this cache implementation is useful for development and tests, it's recommended to use Caffeine cache in production.You can switch to using Caffeine cache, by adding it and org.springframework.cache.caffeine.CaffeineCacheManager to the classpath.
2022-05-10 14:29:52.047  INFO 12712 --- [main] o.s.b.a.e.web.EndpointLinksResolver      : Exposing 1 endpoint(s) beneath base path '/actuator'
2022-05-10 14:29:52.101  INFO 12712 --- [main] o.s.c.n.eureka.InstanceInfoFactory       : Setting initial instance status as: STARTING
2022-05-10 14:29:52.126  INFO 12712 --- [main] com.netflix.discovery.DiscoveryClient    : Initializing Eureka in region us-east-1
2022-05-10 14:29:52.126  INFO 12712 --- [main] com.netflix.discovery.DiscoveryClient    : Client configured to neither register nor query for data.
2022-05-10 14:29:52.132  INFO 12712 --- [main] com.netflix.discovery.DiscoveryClient    : Discovery Client initialized at timestamp 1652164192132 with initial instances count: 0
2022-05-10 14:29:52.137  INFO 12712 --- [main] o.s.c.n.e.s.EurekaServiceRegistry        : Registering application UNKNOWN with eureka with status UP
2022-05-10 14:29:52.154  INFO 12712 --- [main] o.s.b.w.embedded.tomcat.TomcatWebServer  : Tomcat started on port(s): 8081 (http) with context path ''
2022-05-10 14:29:52.154  INFO 12712 --- [main] .s.c.n.e.s.EurekaAutoServiceRegistration : Updating port to 8081
2022-05-10 14:29:52.672  INFO 12712 --- [main] c.q.d.DemoEurekaAutoServerApplication    : Started DemoEurekaAutoServerApplication in 4.911 seconds (JVM running for 5.969)
2022-05-10 14:29:53.692  INFO 12712 --- [RMI TCP Connection(3)-192.168.249.1] o.a.c.c.C.[Tomcat].[localhost].[/]       : Initializing Spring DispatcherServlet 'dispatcherServlet'
2022-05-10 14:29:53.692  INFO 12712 --- [RMI TCP Connection(3)-192.168.249.1] o.s.web.servlet.DispatcherServlet        : Initializing Servlet 'dispatcherServlet'
2022-05-10 14:29:53.693  INFO 12712 --- [RMI TCP Connection(3)-192.168.249.1] o.s.web.servlet.DispatcherServlet        : Completed initialization in 1 ms
2022-05-10 14:30:31.737  INFO 12712 --- [http-nio-8081-exec-1] o.s.s.o.p.token.store.JdbcTokenStore     : Failed to find access token for token 246ed8a9-0b65-4d6a-9b7a-e267dc3a112c
2022-05-10 15:40:44.640  INFO 12712 --- [SpringApplicationShutdownHook] o.s.c.n.e.s.EurekaServiceRegistry        : Unregistering application UNKNOWN with eureka with status DOWN
2022-05-10 15:40:45.078  INFO 12712 --- [SpringApplicationShutdownHook] com.alibaba.druid.pool.DruidDataSource   : {dataSource-1} closed
2022-05-10 15:40:45.083  INFO 12712 --- [SpringApplicationShutdownHook] com.netflix.discovery.DiscoveryClient    : Shutting down DiscoveryClient ...
2022-05-10 15:40:45.101  INFO 12712 --- [SpringApplicationShutdownHook] com.netflix.discovery.DiscoveryClient    : Completed shut down of DiscoveryClient
